<?xml version="1.0" encoding="UTF-8"?>
<!-- Generated by org.testng.reporters.JUnitReportReporter -->
<testsuite skipped="0" hostname="LNAR-PF0V62RL" name="com.selenium.gmail.GmailTest" tests="1" failures="0" timestamp="25 Dec 2018 00:48:11 GMT" time="23.773" errors="0">
  <testcase name="test" time="23.773" classname="com.selenium.gmail.GmailTest"/>
</testsuite> <!-- com.selenium.gmail.GmailTest -->
